  Source.cpp
C:\Users\PC\Desktop\esena 2\esena 2\Source.cpp(48,22): warning C4305: 'argumento': truncamiento de 'double' a 'GLfloat'
C:\Users\PC\Desktop\esena 2\esena 2\Source.cpp(48,17): warning C4305: 'argumento': truncamiento de 'double' a 'GLfloat'
C:\Users\PC\Desktop\esena 2\esena 2\Source.cpp(48,12): warning C4305: 'argumento': truncamiento de 'double' a 'GLfloat'
C:\Users\PC\Desktop\esena 2\esena 2\Source.cpp(63,22): warning C4305: 'argumento': truncamiento de 'double' a 'GLfloat'
C:\Users\PC\Desktop\esena 2\esena 2\Source.cpp(63,17): warning C4305: 'argumento': truncamiento de 'double' a 'GLfloat'
C:\Users\PC\Desktop\esena 2\esena 2\Source.cpp(63,12): warning C4305: 'argumento': truncamiento de 'double' a 'GLfloat'
C:\Users\PC\Desktop\esena 2\esena 2\Source.cpp(83,25): warning C4244: 'argumento': conversión de 'double' a 'GLfloat'; posible pérdida de datos
C:\Users\PC\Desktop\esena 2\esena 2\Source.cpp(83,20): warning C4244: 'argumento': conversión de 'double' a 'GLfloat'; posible pérdida de datos
C:\Users\PC\Desktop\esena 2\esena 2\Source.cpp(83,16): warning C4244: 'argumento': conversión de 'double' a 'GLfloat'; posible pérdida de datos
C:\Users\PC\Desktop\esena 2\esena 2\Source.cpp(84,13): warning C4244: 'argumento': conversión de 'double' a 'GLfloat'; posible pérdida de datos
C:\Users\PC\Desktop\esena 2\esena 2\Source.cpp(102,15): warning C4244: 'argumento': conversión de 'double' a 'GLfloat'; posible pérdida de datos
C:\Users\PC\Desktop\esena 2\esena 2\Source.cpp(110,23): warning C4244: 'argumento': conversión de 'double' a 'GLfloat'; posible pérdida de datos
C:\Users\PC\Desktop\esena 2\esena 2\Source.cpp(110,19): warning C4244: 'argumento': conversión de 'double' a 'GLfloat'; posible pérdida de datos
C:\Users\PC\Desktop\esena 2\esena 2\Source.cpp(111,13): warning C4244: 'argumento': conversión de 'double' a 'GLfloat'; posible pérdida de datos
C:\Users\PC\Desktop\esena 2\esena 2\Source.cpp(124,19): warning C4305: 'argumento': truncamiento de 'double' a 'GLfloat'
C:\Users\PC\Desktop\esena 2\esena 2\Source.cpp(135,24): warning C4244: 'argumento': conversión de 'double' a 'GLfloat'; posible pérdida de datos
C:\Users\PC\Desktop\esena 2\esena 2\Source.cpp(135,19): warning C4244: 'argumento': conversión de 'double' a 'GLfloat'; posible pérdida de datos
C:\Users\PC\Desktop\esena 2\esena 2\Source.cpp(135,15): warning C4244: 'argumento': conversión de 'double' a 'GLfloat'; posible pérdida de datos
C:\Users\PC\Desktop\esena 2\esena 2\Source.cpp(136,12): warning C4244: 'argumento': conversión de 'double' a 'GLfloat'; posible pérdida de datos
C:\Users\PC\Desktop\esena 2\esena 2\Source.cpp(139,15): warning C4305: 'argumento': truncamiento de 'double' a 'GLfloat'
C:\Users\PC\Desktop\esena 2\esena 2\Source.cpp(147,21): warning C4305: 'argumento': truncamiento de 'double' a 'GLfloat'
C:\Users\PC\Desktop\esena 2\esena 2\Source.cpp(147,15): warning C4305: 'argumento': truncamiento de 'double' a 'GLfloat'
C:\Users\PC\Desktop\esena 2\esena 2\Source.cpp(155,15): warning C4305: 'argumento': truncamiento de 'double' a 'GLfloat'
C:\Users\PC\Desktop\esena 2\esena 2\Source.cpp(166,25): warning C4244: 'argumento': conversión de 'double' a 'GLfloat'; posible pérdida de datos
C:\Users\PC\Desktop\esena 2\esena 2\Source.cpp(166,20): warning C4244: 'argumento': conversión de 'double' a 'GLfloat'; posible pérdida de datos
C:\Users\PC\Desktop\esena 2\esena 2\Source.cpp(166,15): warning C4244: 'argumento': conversión de 'double' a 'GLfloat'; posible pérdida de datos
C:\Users\PC\Desktop\esena 2\esena 2\Source.cpp(167,12): warning C4244: 'argumento': conversión de 'double' a 'GLfloat'; posible pérdida de datos
C:\Users\PC\Desktop\esena 2\esena 2\Source.cpp(170,16): warning C4305: 'argumento': truncamiento de 'double' a 'GLfloat'
C:\Users\PC\Desktop\esena 2\esena 2\Source.cpp(178,22): warning C4305: 'argumento': truncamiento de 'double' a 'GLfloat'
C:\Users\PC\Desktop\esena 2\esena 2\Source.cpp(178,16): warning C4305: 'argumento': truncamiento de 'double' a 'GLfloat'
C:\Users\PC\Desktop\esena 2\esena 2\Source.cpp(186,16): warning C4305: 'argumento': truncamiento de 'double' a 'GLfloat'
C:\Users\PC\Desktop\esena 2\esena 2\Source.cpp(202,13): warning C4305: 'argumento': truncamiento de 'double' a 'GLfloat'
C:\Users\PC\Desktop\esena 2\esena 2\Source.cpp(217,41): warning C4305: '+=': truncamiento de 'double' a 'float'
C:\Users\PC\Desktop\esena 2\esena 2\Source.cpp(233,16): warning C4305: 'inicializando': truncamiento de 'double' a 'float'
C:\Users\PC\Desktop\esena 2\esena 2\Source.cpp(233,43): warning C4305: '+=': truncamiento de 'double' a 'float'
C:\Users\PC\Desktop\esena 2\esena 2\Source.cpp(234,17): warning C4305: 'inicializando': truncamiento de 'double' a 'float'
C:\Users\PC\Desktop\esena 2\esena 2\Source.cpp(234,43): warning C4305: '+=': truncamiento de 'double' a 'float'
C:\Users\PC\Desktop\esena 2\esena 2\Source.cpp(258,17): warning C4244: 'argumento': conversión de 'double' a 'GLfloat'; posible pérdida de datos
C:\Users\PC\Desktop\esena 2\esena 2\Source.cpp(259,22): warning C4244: 'argumento': conversión de 'double' a 'GLfloat'; posible pérdida de datos
C:\Users\PC\Desktop\esena 2\esena 2\Source.cpp(276,16): warning C4244: 'argumento': conversión de 'double' a 'GLfloat'; posible pérdida de datos
C:\Users\PC\Desktop\esena 2\esena 2\Source.cpp(281,32): warning C4244: 'argumento': conversión de 'double' a 'GLfloat'; posible pérdida de datos
C:\Users\PC\Desktop\esena 2\esena 2\Source.cpp(281,23): warning C4244: 'argumento': conversión de 'double' a 'GLfloat'; posible pérdida de datos
C:\Users\PC\Desktop\esena 2\esena 2\Source.cpp(289,18): warning C4244: 'argumento': conversión de 'double' a 'GLfloat'; posible pérdida de datos
  esena 2.vcxproj -> C:\Users\PC\Desktop\esena 2\x64\Debug\esena 2.exe
