  Main.cpp
C:\Users\PC\Desktop\UPN\6to--2023_2\ComputacionGrafica\Codigo_C++\proyecto_espacio_Yo\Yo_proyecto_espacio\Main.cpp(19,13): warning C4305: 'inicializando': truncamiento de 'double' a 'float'
C:\Users\PC\Desktop\UPN\6to--2023_2\ComputacionGrafica\Codigo_C++\proyecto_espacio_Yo\Yo_proyecto_espacio\Main.cpp(20,14): warning C4305: 'inicializando': truncamiento de 'double' a 'float'
C:\Users\PC\Desktop\UPN\6to--2023_2\ComputacionGrafica\Codigo_C++\proyecto_espacio_Yo\Yo_proyecto_espacio\Main.cpp(81,29): warning C4305: 'inicializando': truncamiento de 'double' a 'GLfloat'
C:\Users\PC\Desktop\UPN\6to--2023_2\ComputacionGrafica\Codigo_C++\proyecto_espacio_Yo\Yo_proyecto_espacio\Main.cpp(81,33): warning C4305: 'inicializando': truncamiento de 'double' a 'GLfloat'
C:\Users\PC\Desktop\UPN\6to--2023_2\ComputacionGrafica\Codigo_C++\proyecto_espacio_Yo\Yo_proyecto_espacio\Main.cpp(81,37): warning C4305: 'inicializando': truncamiento de 'double' a 'GLfloat'
C:\Users\PC\Desktop\UPN\6to--2023_2\ComputacionGrafica\Codigo_C++\proyecto_espacio_Yo\Yo_proyecto_espacio\Main.cpp(82,27): warning C4305: 'inicializando': truncamiento de 'double' a 'GLfloat'
C:\Users\PC\Desktop\UPN\6to--2023_2\ComputacionGrafica\Codigo_C++\proyecto_espacio_Yo\Yo_proyecto_espacio\Main.cpp(82,31): warning C4305: 'inicializando': truncamiento de 'double' a 'GLfloat'
C:\Users\PC\Desktop\UPN\6to--2023_2\ComputacionGrafica\Codigo_C++\proyecto_espacio_Yo\Yo_proyecto_espacio\Main.cpp(82,35): warning C4305: 'inicializando': truncamiento de 'double' a 'GLfloat'
C:\Users\PC\Desktop\UPN\6to--2023_2\ComputacionGrafica\Codigo_C++\proyecto_espacio_Yo\Yo_proyecto_espacio\Main.cpp(83,30): warning C4305: 'inicializando': truncamiento de 'double' a 'GLfloat'
C:\Users\PC\Desktop\UPN\6to--2023_2\ComputacionGrafica\Codigo_C++\proyecto_espacio_Yo\Yo_proyecto_espacio\Main.cpp(83,34): warning C4305: 'inicializando': truncamiento de 'double' a 'GLfloat'
C:\Users\PC\Desktop\UPN\6to--2023_2\ComputacionGrafica\Codigo_C++\proyecto_espacio_Yo\Yo_proyecto_espacio\Main.cpp(83,38): warning C4305: 'inicializando': truncamiento de 'double' a 'GLfloat'
C:\Users\PC\Desktop\UPN\6to--2023_2\ComputacionGrafica\Codigo_C++\proyecto_espacio_Yo\Yo_proyecto_espacio\Main.cpp(106,31): warning C4305: 'inicializando': truncamiento de 'double' a 'GLfloat'
C:\Users\PC\Desktop\UPN\6to--2023_2\ComputacionGrafica\Codigo_C++\proyecto_espacio_Yo\Yo_proyecto_espacio\Main.cpp(106,35): warning C4305: 'inicializando': truncamiento de 'double' a 'GLfloat'
C:\Users\PC\Desktop\UPN\6to--2023_2\ComputacionGrafica\Codigo_C++\proyecto_espacio_Yo\Yo_proyecto_espacio\Main.cpp(106,39): warning C4305: 'inicializando': truncamiento de 'double' a 'GLfloat'
C:\Users\PC\Desktop\UPN\6to--2023_2\ComputacionGrafica\Codigo_C++\proyecto_espacio_Yo\Yo_proyecto_espacio\Main.cpp(107,31): warning C4305: 'inicializando': truncamiento de 'double' a 'GLfloat'
C:\Users\PC\Desktop\UPN\6to--2023_2\ComputacionGrafica\Codigo_C++\proyecto_espacio_Yo\Yo_proyecto_espacio\Main.cpp(107,35): warning C4305: 'inicializando': truncamiento de 'double' a 'GLfloat'
C:\Users\PC\Desktop\UPN\6to--2023_2\ComputacionGrafica\Codigo_C++\proyecto_espacio_Yo\Yo_proyecto_espacio\Main.cpp(107,39): warning C4305: 'inicializando': truncamiento de 'double' a 'GLfloat'
C:\Users\PC\Desktop\UPN\6to--2023_2\ComputacionGrafica\Codigo_C++\proyecto_espacio_Yo\Yo_proyecto_espacio\Main.cpp(108,32): warning C4305: 'inicializando': truncamiento de 'double' a 'GLfloat'
C:\Users\PC\Desktop\UPN\6to--2023_2\ComputacionGrafica\Codigo_C++\proyecto_espacio_Yo\Yo_proyecto_espacio\Main.cpp(108,36): warning C4305: 'inicializando': truncamiento de 'double' a 'GLfloat'
C:\Users\PC\Desktop\UPN\6to--2023_2\ComputacionGrafica\Codigo_C++\proyecto_espacio_Yo\Yo_proyecto_espacio\Main.cpp(108,40): warning C4305: 'inicializando': truncamiento de 'double' a 'GLfloat'
C:\Users\PC\Desktop\UPN\6to--2023_2\ComputacionGrafica\Codigo_C++\proyecto_espacio_Yo\Yo_proyecto_espacio\Main.cpp(283,28): warning C4305: 'inicializando': truncamiento de 'double' a 'float'
C:\Users\PC\Desktop\UPN\6to--2023_2\ComputacionGrafica\Codigo_C++\proyecto_espacio_Yo\Yo_proyecto_espacio\Main.cpp(305,91): warning C4244: 'argumento': conversión de 'double' a 'GLfloat'; posible pérdida de datos
C:\Users\PC\Desktop\UPN\6to--2023_2\ComputacionGrafica\Codigo_C++\proyecto_espacio_Yo\Yo_proyecto_espacio\Main.cpp(305,23): warning C4244: 'argumento': conversión de 'double' a 'GLfloat'; posible pérdida de datos
C:\Users\PC\Desktop\UPN\6to--2023_2\ComputacionGrafica\Codigo_C++\proyecto_espacio_Yo\Yo_proyecto_espacio\Main.cpp(319,89): warning C4244: 'argumento': conversión de 'double' a 'GLfloat'; posible pérdida de datos
C:\Users\PC\Desktop\UPN\6to--2023_2\ComputacionGrafica\Codigo_C++\proyecto_espacio_Yo\Yo_proyecto_espacio\Main.cpp(319,23): warning C4244: 'argumento': conversión de 'double' a 'GLfloat'; posible pérdida de datos
C:\Users\PC\Desktop\UPN\6to--2023_2\ComputacionGrafica\Codigo_C++\proyecto_espacio_Yo\Yo_proyecto_espacio\Main.cpp(334,93): warning C4244: 'argumento': conversión de 'double' a 'GLfloat'; posible pérdida de datos
C:\Users\PC\Desktop\UPN\6to--2023_2\ComputacionGrafica\Codigo_C++\proyecto_espacio_Yo\Yo_proyecto_espacio\Main.cpp(334,23): warning C4244: 'argumento': conversión de 'double' a 'GLfloat'; posible pérdida de datos
C:\Users\PC\Desktop\UPN\6to--2023_2\ComputacionGrafica\Codigo_C++\proyecto_espacio_Yo\Yo_proyecto_espacio\Main.cpp(659,19): warning C4305: '+=': truncamiento de 'double' a 'float'
C:\Users\PC\Desktop\UPN\6to--2023_2\ComputacionGrafica\Codigo_C++\proyecto_espacio_Yo\Yo_proyecto_espacio\Main.cpp(660,21): warning C4305: '+=': truncamiento de 'double' a 'float'
C:\Users\PC\Desktop\UPN\6to--2023_2\ComputacionGrafica\Codigo_C++\proyecto_espacio_Yo\Yo_proyecto_espacio\Main.cpp(674,17): warning C4305: '+=': truncamiento de 'double' a 'float'
C:\Users\PC\Desktop\UPN\6to--2023_2\ComputacionGrafica\Codigo_C++\proyecto_espacio_Yo\Yo_proyecto_espacio\Main.cpp(677,17): warning C4305: '-=': truncamiento de 'double' a 'float'
  Yo_proyecto_espacio.vcxproj -> C:\Users\PC\Desktop\UPN\6to--2023_2\ComputacionGrafica\Codigo_C++\proyecto_espacio_Yo\x64\Debug\Yo_proyecto_espacio.exe
